Product projects
---------------------------------------
D:\backend\LXP.Common\LXP.Common.csproj
D:\backend\LXP.Data\LXP.Data.csproj
D:\backend\LXP.Core\LXP.Core.csproj
D:\backend\LXP.Api\LXP.Api.csproj


Test projects
---------------------------------------
D:\backend\LXP.Common.Tests\LXP.Common.Tests.csproj
D:\backend\LXP.Data.Tests\LXP.Data.Tests.csproj
D:\backend\LXP.Core.Tests\LXP.Core.Tests.csproj
D:\backend\LXP.Api.Tests\LXP.Api.Tests.csproj


Invalid projects
---------------------------------------
{none}


Skipped projects
---------------------------------------
{none}


Excluded projects
---------------------------------------
{none}


